<?xml version="1.0" encoding="UTF-8"?>
<!-- Generated by org.testng.reporters.JUnitReportReporter -->
<testsuite skipped="1" hostname="DESKTOP-IBHFQHD" name="com.projectexecution.VerifyPrimusBankFunctionality_Test" tests="1" failures="0" timestamp="26 Jun 2019 12:43:50 GMT" time="0.000" errors="0">
  <testcase name="verifyBankerLogin_WithOutvalues_TC01" time="0.000" classname="com.projectexecution.VerifyPrimusBankFunctionality_Test">
    <skipped/>
  </testcase> <!-- verifyBankerLogin_WithOutvalues_TC01 -->
</testsuite> <!-- com.projectexecution.VerifyPrimusBankFunctionality_Test -->
